# JRE version: OpenJDK Runtime Environment (7.0_40-b60) (build 1.7.0_40-b60)
# Java VM: OpenJDK 64-Bit Server VM (24.0-b56 mixed mode linux-amd64 compressed oops)
Heap
 PSYoungGen      total 139264K, used 83731K [0x00000000f5500000, 0x00000000ffb80000, 0x0000000100000000)
  eden space 112128K, 68% used [0x00000000f5500000,0x00000000f9ff54b0,0x00000000fc280000)
  from space 27136K, 25% used [0x00000000fe100000,0x00000000fe7cf8d8,0x00000000ffb80000)
  to   space 29184K, 0% used [0x00000000fc280000,0x00000000fc280000,0x00000000fdf00000)
 ParOldGen       total 53760K, used 42014K [0x00000000e0000000, 0x00000000e3480000, 0x00000000f5500000)
  object space 53760K, 78% used [0x00000000e0000000,0x00000000e2907998,0x00000000e3480000)
 PSPermGen       total 120320K, used 78936K [0x00000000d0000000, 0x00000000d7580000, 0x00000000e0000000)
  object space 120320K, 65% used [0x00000000d0000000,0x00000000d4d16270,0x00000000d7580000)
GC Heap History (10 events):
Event: 191.418 GC heap before
{Heap before GC invocations=17 (full 4):
 PSYoungGen      total 110080K, used 6172K [0x00000000f5500000, 0x00000000ffa00000, 0x0000000100000000)
  eden space 103424K, 0% used [0x00000000f5500000,0x00000000f5500000,0x00000000fba00000)
  from space 6656K, 92% used [0x00000000fba00000,0x00000000fc0073f0,0x00000000fc080000)
  to   space 32768K, 0% used [0x00000000fda00000,0x00000000fda00000,0x00000000ffa00000)
 ParOldGen       total 53760K, used 37057K [0x00000000e0000000, 0x00000000e3480000, 0x00000000f5500000)
  object space 53760K, 68% used [0x00000000e0000000,0x00000000e24305c0,0x00000000e3480000)
 PSPermGen       total 114176K, used 71789K [0x00000000d0000000, 0x00000000d6f80000, 0x00000000e0000000)
  object space 114176K, 62% used [0x00000000d0000000,0x00000000d461b668,0x00000000d6f80000)
Event: 191.712 GC heap after
Heap after GC invocations=17 (full 4):
 PSYoungGen      total 110080K, used 0K [0x00000000f5500000, 0x00000000ffa00000, 0x0000000100000000)
  eden space 103424K, 0% used [0x00000000f5500000,0x00000000f5500000,0x00000000fba00000)
  from space 6656K, 0% used [0x00000000fba00000,0x00000000fba00000,0x00000000fc080000)
  to   space 32768K, 0% used [0x00000000fda00000,0x00000000fda00000,0x00000000ffa00000)
 ParOldGen       total 53760K, used 38434K [0x00000000e0000000, 0x00000000e3480000, 0x00000000f5500000)
  object space 53760K, 71% used [0x00000000e0000000,0x00000000e2588838,0x00000000e3480000)
 PSPermGen       total 118272K, used 71785K [0x00000000d0000000, 0x00000000d7380000, 0x00000000e0000000)
  object space 118272K, 60% used [0x00000000d0000000,0x00000000d461a6b0,0x00000000d7380000)
}
Event: 217.237 GC heap before
{Heap before GC invocations=18 (full 4):
 PSYoungGen      total 110080K, used 103424K [0x00000000f5500000, 0x00000000ffa00000, 0x0000000100000000)
  eden space 103424K, 100% used [0x00000000f5500000,0x00000000fba00000,0x00000000fba00000)
  from space 6656K, 0% used [0x00000000fba00000,0x00000000fba00000,0x00000000fc080000)
  to   space 32768K, 0% used [0x00000000fda00000,0x00000000fda00000,0x00000000ffa00000)
 ParOldGen       total 53760K, used 38434K [0x00000000e0000000, 0x00000000e3480000, 0x00000000f5500000)
  object space 53760K, 71% used [0x00000000e0000000,0x00000000e2588838,0x00000000e3480000)
 PSPermGen       total 118272K, used 75107K [0x00000000d0000000, 0x00000000d7380000, 0x00000000e0000000)
  object space 118272K, 63% used [0x00000000d0000000,0x00000000d4958f88,0x00000000d7380000)
Event: 217.250 GC heap after
Heap after GC invocations=18 (full 4):
 PSYoungGen      total 137216K, used 14708K [0x00000000f5500000, 0x0000000100000000, 0x0000000100000000)
  eden space 104448K, 0% used [0x00000000f5500000,0x00000000f5500000,0x00000000fbb00000)
  from space 32768K, 44% used [0x00000000fda00000,0x00000000fe85d380,0x00000000ffa00000)
  to   space 31744K, 0% used [0x00000000fbb00000,0x00000000fbb00000,0x00000000fda00000)
 ParOldGen       total 53760K, used 38442K [0x00000000e0000000, 0x00000000e3480000, 0x00000000f5500000)
  object space 53760K, 71% used [0x00000000e0000000,0x00000000e258a838,0x00000000e3480000)
 PSPermGen       total 118272K, used 75107K [0x00000000d0000000, 0x00000000d7380000, 0x00000000e0000000)
  object space 118272K, 63% used [0x00000000d0000000,0x00000000d4958f88,0x00000000d7380000)
}
Event: 251.411 GC heap before
{Heap before GC invocations=19 (full 4):
 PSYoungGen      total 137216K, used 74459K [0x00000000f5500000, 0x0000000100000000, 0x0000000100000000)
  eden space 104448K, 57% used [0x00000000f5500000,0x00000000f8f59910,0x00000000fbb00000)
  from space 32768K, 44% used [0x00000000fda00000,0x00000000fe85d380,0x00000000ffa00000)
  to   space 31744K, 0% used [0x00000000fbb00000,0x00000000fbb00000,0x00000000fda00000)
 ParOldGen       total 53760K, used 38442K [0x00000000e0000000, 0x00000000e3480000, 0x00000000f5500000)
  object space 53760K, 71% used [0x00000000e0000000,0x00000000e258a838,0x00000000e3480000)
 PSPermGen       total 118272K, used 75250K [0x00000000d0000000, 0x00000000d7380000, 0x00000000e0000000)
  object space 118272K, 63% used [0x00000000d0000000,0x00000000d497cb68,0x00000000d7380000)
Event: 251.423 GC heap after
Heap after GC invocations=19 (full 4):
 PSYoungGen      total 136192K, used 13649K [0x00000000f5500000, 0x00000000ffe80000, 0x0000000100000000)
  eden space 104448K, 0% used [0x00000000f5500000,0x00000000f5500000,0x00000000fbb00000)
  from space 31744K, 42% used [0x00000000fbb00000,0x00000000fc854400,0x00000000fda00000)
  to   space 30208K, 0% used [0x00000000fe100000,0x00000000fe100000,0x00000000ffe80000)
 ParOldGen       total 53760K, used 38442K [0x00000000e0000000, 0x00000000e3480000, 0x00000000f5500000)
  object space 53760K, 71% used [0x00000000e0000000,0x00000000e258a838,0x00000000e3480000)
 PSPermGen       total 118272K, used 75250K [0x00000000d0000000, 0x00000000d7380000, 0x00000000e0000000)
  object space 118272K, 63% used [0x00000000d0000000,0x00000000d497cb68,0x00000000d7380000)
}
Event: 251.423 GC heap before
{Heap before GC invocations=20 (full 5):
 PSYoungGen      total 136192K, used 13649K [0x00000000f5500000, 0x00000000ffe80000, 0x0000000100000000)
  eden space 104448K, 0% used [0x00000000f5500000,0x00000000f5500000,0x00000000fbb00000)
  from space 31744K, 42% used [0x00000000fbb00000,0x00000000fc854400,0x00000000fda00000)
  to   space 30208K, 0% used [0x00000000fe100000,0x00000000fe100000,0x00000000ffe80000)
 ParOldGen       total 53760K, used 38442K [0x00000000e0000000, 0x00000000e3480000, 0x00000000f5500000)
  object space 53760K, 71% used [0x00000000e0000000,0x00000000e258a838,0x00000000e3480000)
 PSPermGen       total 118272K, used 75250K [0x00000000d0000000, 0x00000000d7380000, 0x00000000e0000000)
  object space 118272K, 63% used [0x00000000d0000000,0x00000000d497cb68,0x00000000d7380000)
Event: 251.646 GC heap after
Heap after GC invocations=20 (full 5):
 PSYoungGen      total 136192K, used 0K [0x00000000f5500000, 0x00000000ffe80000, 0x0000000100000000)
  eden space 104448K, 0% used [0x00000000f5500000,0x00000000f5500000,0x00000000fbb00000)
  from space 31744K, 0% used [0x00000000fbb00000,0x00000000fbb00000,0x00000000fda00000)
  to   space 30208K, 0% used [0x00000000fe100000,0x00000000fe100000,0x00000000ffe80000)
 ParOldGen       total 53760K, used 42014K [0x00000000e0000000, 0x00000000e3480000, 0x00000000f5500000)
  object space 53760K, 78% used [0x00000000e0000000,0x00000000e2907998,0x00000000e3480000)
 PSPermGen       total 120320K, used 75245K [0x00000000d0000000, 0x00000000d7580000, 0x00000000e0000000)
  object space 120320K, 62% used [0x00000000d0000000,0x00000000d497b6b8,0x00000000d7580000)
}
Event: 380.707 GC heap before
{Heap before GC invocations=21 (full 5):
 PSYoungGen      total 136192K, used 104448K [0x00000000f5500000, 0x00000000ffe80000, 0x0000000100000000)
  eden space 104448K, 100% used [0x00000000f5500000,0x00000000fbb00000,0x00000000fbb00000)
  from space 31744K, 0% used [0x00000000fbb00000,0x00000000fbb00000,0x00000000fda00000)
  to   space 30208K, 0% used [0x00000000fe100000,0x00000000fe100000,0x00000000ffe80000)
 ParOldGen       total 53760K, used 42014K [0x00000000e0000000, 0x00000000e3480000, 0x00000000f5500000)
  object space 53760K, 78% used [0x00000000e0000000,0x00000000e2907998,0x00000000e3480000)
 PSPermGen       total 120320K, used 77081K [0x00000000d0000000, 0x00000000d7580000, 0x00000000e0000000)
  object space 120320K, 64% used [0x00000000d0000000,0x00000000d4b46438,0x00000000d7580000)
Event: 380.716 GC heap after
Heap after GC invocations=21 (full 5):
 PSYoungGen      total 139264K, used 6974K [0x00000000f5500000, 0x00000000ffb80000, 0x0000000100000000)
  eden space 112128K, 0% used [0x00000000f5500000,0x00000000f5500000,0x00000000fc280000)
  from space 27136K, 25% used [0x00000000fe100000,0x00000000fe7cf8d8,0x00000000ffb80000)
  to   space 29184K, 0% used [0x00000000fc280000,0x00000000fc280000,0x00000000fdf00000)
 ParOldGen       total 53760K, used 42014K [0x00000000e0000000, 0x00000000e3480000, 0x00000000f5500000)
  object space 53760K, 78% used [0x00000000e0000000,0x00000000e2907998,0x00000000e3480000)
 PSPermGen       total 120320K, used 77081K [0x00000000d0000000, 0x00000000d7580000, 0x00000000e0000000)
  object space 120320K, 64% used [0x00000000d0000000,0x00000000d4b46438,0x00000000d7580000)
}

